{"meta": {"format": 3, "version": "7.13.1", "timestamp": "2026-01-24T16:35:18.966691", "branch_coverage": false, "show_contexts": false}, "files": {"src/mcpx/__main__.py": {"executed_lines": [3, 5, 6, 7, 8, 10, 11, 13, 15, 18, 21, 22, 23, 24, 27, 30, 33, 35, 36, 37, 39, 40, 42, 45, 47, 48, 50, 51, 57, 61, 63, 64, 73, 74, 75, 85, 87, 90, 110], "summary": {"covered_lines": 39, "num_statements": 48, "percent_covered": 81.25, "percent_covered_display": "81", "missing_lines": 9, "excluded_lines": 0, "percent_statements_covered": 81.25, "percent_statements_covered_display": "81"}, "missing_lines": [92, 95, 98, 99, 102, 103, 106, 107, 111], "excluded_lines": [], "functions": {"load_config": {"executed_lines": [35, 36, 37, 39, 40, 42], "summary": {"covered_lines": 6, "num_statements": 6, "percent_covered": 100.0, "percent_covered_display": "100", "missing_lines": 0, "excluded_lines": 0, "percent_statements_covered": 100.0, "percent_statements_covered_display": "100"}, "missing_lines": [], "excluded_lines": [], "start_line": 33}, "create_server": {"executed_lines": [47, 48, 50, 51, 63, 64, 87], "summary": {"covered_lines": 7, "num_statements": 7, "percent_covered": 100.0, "percent_covered_display": "100", "missing_lines": 0, "excluded_lines": 0, "percent_statements_covered": 100.0, "percent_statements_covered_display": "100"}, "missing_lines": [], "excluded_lines": [], "start_line": 45}, "create_server.list_servers": {"executed_lines": [57, 61], "summary": {"covered_lines": 2, "num_statements": 2, "percent_covered": 100.0, "percent_covered_display": "100", "missing_lines": 0, "excluded_lines": 0, "percent_statements_covered": 100.0, "percent_statements_covered_display": "100"}, "missing_lines": [], "excluded_lines": [], "start_line": 51}, "create_server.get_server_info": {"executed_lines": [73, 74, 75, 85], "summary": {"covered_lines": 4, "num_statements": 4, "percent_covered": 100.0, "percent_covered_display": "100", "missing_lines": 0, "excluded_lines": 0, "percent_statements_covered": 100.0, "percent_statements_covered_display": "100"}, "missing_lines": [], "excluded_lines": [], "start_line": 64}, "main": {"executed_lines": [], "summary": {"covered_lines": 0, "num_statements": 8, "percent_covered": 0.0, "percent_covered_display": "0", "missing_lines": 8, "excluded_lines": 0, "percent_statements_covered": 0.0, "percent_statements_covered_display": "0"}, "missing_lines": [92, 95, 98, 99, 102, 103, 106, 107], "excluded_lines": [], "start_line": 90}, "": {"executed_lines": [3, 5, 6, 7, 8, 10, 11, 13, 15, 18, 21, 22, 23, 24, 27, 30, 33, 45, 90, 110], "summary": {"covered_lines": 20, "num_statements": 21, "percent_covered": 95.23809523809524, "percent_covered_display": "95", "missing_lines": 1, "excluded_lines": 0, "percent_statements_covered": 95.23809523809524, "percent_statements_covered_display": "95"}, "missing_lines": [111], "excluded_lines": [], "start_line": 1}}, "classes": {"McpServerConfig": {"executed_lines": [], "summary": {"covered_lines": 0, "num_statements": 0, "percent_covered": 100.0, "percent_covered_display": "100", "missing_lines": 0, "excluded_lines": 0, "percent_statements_covered": 100.0, "percent_statements_covered_display": "100"}, "missing_lines": [], "excluded_lines": [], "start_line": 18}, "ProxyConfig": {"executed_lines": [], "summary": {"covered_lines": 0, "num_statements": 0, "percent_covered": 100.0, "percent_covered_display": "100", "missing_lines": 0, "excluded_lines": 0, "percent_statements_covered": 100.0, "percent_statements_covered_display": "100"}, "missing_lines": [], "excluded_lines": [], "start_line": 27}, "": {"executed_lines": [3, 5, 6, 7, 8, 10, 11, 13, 15, 18, 21, 22, 23, 24, 27, 30, 33, 35, 36, 37, 39, 40, 42, 45, 47, 48, 50, 51, 57, 61, 63, 64, 73, 74, 75, 85, 87, 90, 110], "summary": {"covered_lines": 39, "num_statements": 48, "percent_covered": 81.25, "percent_covered_display": "81", "missing_lines": 9, "excluded_lines": 0, "percent_statements_covered": 81.25, "percent_statements_covered_display": "81"}, "missing_lines": [92, 95, 98, 99, 102, 103, 106, 107, 111], "excluded_lines": [], "start_line": 1}}}}, "totals": {"covered_lines": 39, "num_statements": 48, "percent_covered": 81.25, "percent_covered_display": "81", "missing_lines": 9, "excluded_lines": 0, "percent_statements_covered": 81.25, "percent_statements_covered_display": "81"}}